<?xml version="1.0" encoding="UTF-8"?>
<robot generator="Robot 4.0.3 (Python 3.9.6 on win32)" generated="20210629 19:05:35.309" rpa="false" schemaversion="2">
<suite id="s1" name="Exercicio" source="C:\Users\thihm\OneDrive\Área de Trabalho\Prime expert\exercicio.robot">
<test id="s1-t1" name="Cenario: Imprimir todas as informções da PESSOA contidas no dicionario">
<kw name="Log To Console" library="BuiltIn">
<arg>${PESSOA.name}</arg>
<doc>Logs the given message to the console.</doc>
<status status="PASS" starttime="20210629 19:05:35.339" endtime="20210629 19:05:35.341"/>
</kw>
<kw name="Log To Console" library="BuiltIn">
<arg>${PESSOA.sobrenome}</arg>
<doc>Logs the given message to the console.</doc>
<status status="PASS" starttime="20210629 19:05:35.342" endtime="20210629 19:05:35.343"/>
</kw>
<kw name="Log To Console" library="BuiltIn">
<arg>${PESSOA.idade}</arg>
<doc>Logs the given message to the console.</doc>
<status status="PASS" starttime="20210629 19:05:35.344" endtime="20210629 19:05:35.345"/>
</kw>
<kw name="Log To Console" library="BuiltIn">
<arg>${PESSOA.carro}</arg>
<doc>Logs the given message to the console.</doc>
<status status="PASS" starttime="20210629 19:05:35.346" endtime="20210629 19:05:35.348"/>
</kw>
<kw name="Log To Console" library="BuiltIn">
<arg>${PESSOA.sexo}</arg>
<doc>Logs the given message to the console.</doc>
<status status="PASS" starttime="20210629 19:05:35.349" endtime="20210629 19:05:35.350"/>
</kw>
<kw name="Log To Console" library="BuiltIn">
<arg>${PESSOA.cpf}</arg>
<doc>Logs the given message to the console.</doc>
<status status="PASS" starttime="20210629 19:05:35.351" endtime="20210629 19:05:35.353"/>
</kw>
<status status="PASS" starttime="20210629 19:05:35.339" endtime="20210629 19:05:35.354"/>
</test>
<test id="s1-t2" name="cenario: imprimir lista de FRUTAS">
<kw name="Log To Console" library="BuiltIn">
<arg>${FRUTAS[0]}</arg>
<doc>Logs the given message to the console.</doc>
<status status="PASS" starttime="20210629 19:05:35.356" endtime="20210629 19:05:35.359"/>
</kw>
<kw name="Log To Console" library="BuiltIn">
<arg>${FRUTAS[1]}</arg>
<doc>Logs the given message to the console.</doc>
<status status="PASS" starttime="20210629 19:05:35.359" endtime="20210629 19:05:35.361"/>
</kw>
<kw name="Log To Console" library="BuiltIn">
<arg>${FRUTAS[2]}</arg>
<doc>Logs the given message to the console.</doc>
<status status="PASS" starttime="20210629 19:05:35.361" endtime="20210629 19:05:35.362"/>
</kw>
<kw name="Log To Console" library="BuiltIn">
<arg>${FRUTAS[3]}</arg>
<doc>Logs the given message to the console.</doc>
<status status="PASS" starttime="20210629 19:05:35.362" endtime="20210629 19:05:35.363"/>
</kw>
<status status="PASS" starttime="20210629 19:05:35.356" endtime="20210629 19:05:35.364"/>
</test>
<doc>Aqui estarão presentes todos os exercícios do prime expert</doc>
<status status="PASS" starttime="20210629 19:05:35.311" endtime="20210629 19:05:35.366"/>
</suite>
<statistics>
<total>
<stat pass="2" fail="0" skip="0">All Tests</stat>
</total>
<tag>
</tag>
<suite>
<stat pass="2" fail="0" skip="0" id="s1" name="Exercicio">Exercicio</stat>
</suite>
</statistics>
<errors>
</errors>
</robot>
